<?xml version="1.0" encoding="UTF-8"?>
<testsuite name="APIAutomation"
           tests="4"
           failures="0"
           errors="0"
           skipped="0"
           time="2.378">
    <properties></properties>



            <testcase
                name="testVerifyBookingId"
                time="0.141"
                classname="com.thetestingacademy.tests.extendDemo.TCIntegrationFlowExtent">
            </testcase>
            <testcase
                name="testCreateBooking"
                time="1.962"
                classname="com.thetestingacademy.tests.extendDemo.TCIntegrationFlowExtent">
            </testcase>
            <testcase
                name="testUpdateBookingByID"
                time="0.129"
                classname="com.thetestingacademy.tests.extendDemo.TCIntegrationFlowExtent">
            </testcase>
            <testcase
                name="testDeleteBookingById"
                time="0.146"
                classname="com.thetestingacademy.tests.extendDemo.TCIntegrationFlowExtent">
            </testcase>
</testsuite>
