<?xml version="1.0" encoding="UTF-8"?>
<testsuite name="APIAutomation"
           tests="2"
           failures="0"
           errors="0"
           skipped="0"
           time="2.217">
    <properties></properties>



            <testcase
                name="testVWOLogin"
                time="0.146"
                classname="com.thetestingacademy.tests.ddt.VWOLoginAPITC">
            </testcase>
            <testcase
                name="testVWOLogin"
                time="2.071"
                classname="com.thetestingacademy.tests.ddt.VWOLoginAPITC">
            </testcase>
</testsuite>
