<?xml version="1.0" encoding="UTF-8"?>
<testsuite name="C:/Study Materials/Online Cources/Automation Testing course by Pramod dutta/Projects/APIAutomation"
           tests="4"
           failures="0"
           errors="0"
           skipped="0"
           time="0.014">
    <properties></properties>



            <testcase
                name="testCreateBooking"
                time="0.004"
                classname="com.thetestingacademy.tests.integration.TCIntegration">
            </testcase>
            <testcase
                name="testVerifyBookingId"
                time="0.004"
                classname="com.thetestingacademy.tests.integration.TCIntegration">
            </testcase>
            <testcase
                name="testUpdateBookingById"
                time="0.003"
                classname="com.thetestingacademy.tests.integration.TCIntegration">
            </testcase>
            <testcase
                name="testDeleteBookingById"
                time="0.003"
                classname="com.thetestingacademy.tests.integration.TCIntegration">
            </testcase>
</testsuite>
