<?xml version="1.0" encoding="UTF-8"?>
<testsuite name="APIAutomation"
           tests="4"
           failures="0"
           errors="0"
           skipped="0"
           time="2.040">
    <properties></properties>



            <testcase
                name="testCreateBooking"
                time="1.648"
                classname="com.thetestingacademy.tests.integration.TCIntegrationFlow2">
            </testcase>
            <testcase
                name="testUpdateBookingByID"
                time="0.125"
                classname="com.thetestingacademy.tests.integration.TCIntegrationFlow2">
            </testcase>
            <testcase
                name="testVerifyBookingId"
                time="0.141"
                classname="com.thetestingacademy.tests.integration.TCIntegrationFlow2">
            </testcase>
            <testcase
                name="testDeleteBookingById"
                time="0.126"
                classname="com.thetestingacademy.tests.integration.TCIntegrationFlow2">
            </testcase>
</testsuite>
